2020-04-16 19:03:57 INFO  BanknoteStorage:27 - BanknoteStorage is created
2020-04-16 19:03:57 INFO  BanknoteStorage:27 - BanknoteStorage is created
2020-04-16 19:03:57 INFO  BanknoteStorage:85 - {ONE_HUNDRED=1} dollar('s) given out
2020-04-16 19:03:57 INFO  BanknoteStorage:85 - {ONE_HUNDRED=2} dollar('s) given out
2020-04-16 19:03:57 INFO  BanknoteStorage:85 - {ONE_HUNDRED=3} dollar('s) given out
2020-04-16 19:03:57 INFO  BanknoteStorage:85 - {ONE_HUNDRED=4} dollar('s) given out
2020-04-16 19:03:57 INFO  BanknoteStorage:85 - {ONE_HUNDRED=5} dollar('s) given out
2020-04-16 19:03:57 INFO  BanknoteStorage:85 - {ONE_HUNDRED=6} dollar('s) given out
2020-04-16 19:03:57 INFO  BanknoteStorage:27 - BanknoteStorage is created
2020-04-16 19:03:57 INFO  BanknoteStorage:45 - 2 banknote's ONE dollar('s) given out
2020-04-16 19:03:57 INFO  BanknoteStorage:45 - 1 banknote's ONE dollar('s) given out
2020-04-16 19:03:57 ERROR BanknoteStorage:41 - Not enough bills in the banknote storage
2020-04-16 19:03:57 ERROR BanknoteStorage:41 - Not enough bills in the banknote storage
2020-04-16 19:03:57 INFO  BanknoteStorage:27 - BanknoteStorage is created
2020-04-16 19:03:57 ERROR BanknoteStorage:68 - Incorrect amount requested
2020-04-16 19:03:57 INFO  BanknoteStorage:27 - BanknoteStorage is created
2020-04-16 19:03:57 INFO  BanknoteStorage:53 - 2 banknote's FIFTY dollar('s)  inserted
2020-04-16 19:03:57 ERROR BanknoteStorage:54 - bill collector is empty
2020-04-16 19:03:57 INFO  BanknoteStorage:45 - 7 banknote's FIFTY dollar('s) given out
2020-04-16 19:03:57 INFO  BanknoteStorage:27 - BanknoteStorage is created
2020-04-16 19:03:57 INFO  BanknoteStorage:85 - {TWO=1} dollar('s) given out
2020-04-16 19:03:57 INFO  BanknoteStorage:85 - {TWO=2} dollar('s) given out
2020-04-16 19:03:57 INFO  BanknoteStorage:85 - {TWO=2, FIVE=1} dollar('s) given out
2020-04-16 19:03:57 INFO  BanknoteStorage:85 - {TWENTY=1, TWO=2, FIVE=1} dollar('s) given out
2020-04-16 19:03:57 INFO  BanknoteStorage:85 - {TWENTY=2, TWO=2, FIVE=1} dollar('s) given out
2020-04-16 19:03:57 INFO  BanknoteStorage:85 - {TWENTY=2, TWO=2, FIVE=1, FIFTY=1} dollar('s) given out
2020-04-16 19:03:57 INFO  BanknoteStorage:27 - BanknoteStorage is created
2020-04-16 19:03:57 INFO  BanknoteStorage:59 - the amount of the banknote storage is displayed
2020-04-16 19:07:39 INFO  BanknoteStorage:27 - BanknoteStorage is created
2020-04-16 19:07:39 INFO  BanknoteStorage:27 - BanknoteStorage is created
2020-04-16 19:12:40 INFO  BanknoteStorage:85 - {ONE_HUNDRED=1} dollar('s) given out
2020-04-16 19:12:40 INFO  BanknoteStorage:85 - {ONE_HUNDRED=2} dollar('s) given out
2020-04-16 19:12:40 INFO  BanknoteStorage:85 - {ONE_HUNDRED=3} dollar('s) given out
2020-04-16 19:12:40 INFO  BanknoteStorage:85 - {ONE_HUNDRED=4} dollar('s) given out
2020-04-16 19:12:40 INFO  BanknoteStorage:85 - {ONE_HUNDRED=5} dollar('s) given out
2020-04-16 19:12:40 INFO  BanknoteStorage:85 - {ONE_HUNDRED=6} dollar('s) given out
2020-04-16 19:12:40 INFO  BanknoteStorage:27 - BanknoteStorage is created
2020-04-16 19:12:40 INFO  BanknoteStorage:45 - 2 banknote's ONE dollar('s) given out
2020-04-16 19:12:40 INFO  BanknoteStorage:45 - 1 banknote's ONE dollar('s) given out
2020-04-16 19:12:40 ERROR BanknoteStorage:41 - Not enough bills in the banknote storage
2020-04-16 19:12:40 ERROR BanknoteStorage:41 - Not enough bills in the banknote storage
2020-04-16 19:12:40 INFO  BanknoteStorage:27 - BanknoteStorage is created
2020-04-16 19:12:40 ERROR BanknoteStorage:68 - Incorrect amount requested
2020-04-16 19:12:40 INFO  BanknoteStorage:27 - BanknoteStorage is created
2020-04-16 19:12:40 INFO  BanknoteStorage:53 - 2 banknote's FIFTY dollar('s)  inserted
2020-04-16 19:12:40 ERROR BanknoteStorage:54 - bill collector is empty
2020-04-16 19:12:40 INFO  BanknoteStorage:45 - 7 banknote's FIFTY dollar('s) given out
2020-04-16 19:12:40 INFO  BanknoteStorage:27 - BanknoteStorage is created
2020-04-16 19:12:40 INFO  BanknoteStorage:85 - {TWO=1} dollar('s) given out
2020-04-16 19:12:40 INFO  BanknoteStorage:85 - {TWO=2} dollar('s) given out
2020-04-16 19:12:40 INFO  BanknoteStorage:85 - {FIVE=1, TWO=2} dollar('s) given out
2020-04-16 19:12:40 INFO  BanknoteStorage:85 - {FIVE=1, TWO=2, TWENTY=1} dollar('s) given out
2020-04-16 19:12:40 INFO  BanknoteStorage:85 - {FIVE=1, TWO=2, TWENTY=2} dollar('s) given out
2020-04-16 19:12:40 INFO  BanknoteStorage:85 - {FIVE=1, TWO=2, TWENTY=2, FIFTY=1} dollar('s) given out
2020-04-16 19:12:40 INFO  BanknoteStorage:27 - BanknoteStorage is created
2020-04-16 19:12:40 INFO  BanknoteStorage:59 - the amount of the banknote storage is displayed
2020-04-16 19:12:42 INFO  BanknoteStorage:27 - BanknoteStorage is created
2020-04-16 19:12:42 INFO  BanknoteStorage:27 - BanknoteStorage is created
2020-04-16 19:18:55 INFO  BanknoteStorage:85 - {ONE_HUNDRED=1} dollar('s) given out
2020-04-16 19:18:55 INFO  BanknoteStorage:85 - {ONE_HUNDRED=2} dollar('s) given out
2020-04-16 19:18:55 INFO  BanknoteStorage:85 - {ONE_HUNDRED=3} dollar('s) given out
2020-04-16 19:18:55 INFO  BanknoteStorage:85 - {ONE_HUNDRED=4} dollar('s) given out
2020-04-16 19:18:55 INFO  BanknoteStorage:85 - {ONE_HUNDRED=5} dollar('s) given out
2020-04-16 19:18:55 INFO  BanknoteStorage:85 - {ONE_HUNDRED=6} dollar('s) given out
2020-04-16 19:18:55 INFO  BanknoteStorage:27 - BanknoteStorage is created
2020-04-16 19:18:55 INFO  BanknoteStorage:45 - 2 banknote's ONE dollar('s) given out
2020-04-16 19:18:55 INFO  BanknoteStorage:45 - 1 banknote's ONE dollar('s) given out
2020-04-16 19:18:55 ERROR BanknoteStorage:41 - Not enough bills in the banknote storage
2020-04-16 19:18:55 ERROR BanknoteStorage:41 - Not enough bills in the banknote storage
2020-04-16 19:18:55 INFO  BanknoteStorage:27 - BanknoteStorage is created
2020-04-16 19:18:55 ERROR BanknoteStorage:68 - Incorrect amount requested
2020-04-16 19:18:55 INFO  BanknoteStorage:27 - BanknoteStorage is created
2020-04-16 19:18:55 INFO  BanknoteStorage:53 - 2 banknote's FIFTY dollar('s)  inserted
2020-04-16 19:18:55 ERROR BanknoteStorage:54 - bill collector is empty
2020-04-16 19:18:55 INFO  BanknoteStorage:45 - 7 banknote's FIFTY dollar('s) given out
2020-04-16 19:18:55 INFO  BanknoteStorage:27 - BanknoteStorage is created
2020-04-16 19:18:55 INFO  BanknoteStorage:85 - {TWO=1} dollar('s) given out
2020-04-16 19:18:55 INFO  BanknoteStorage:85 - {TWO=2} dollar('s) given out
2020-04-16 19:18:55 INFO  BanknoteStorage:85 - {FIVE=1, TWO=2} dollar('s) given out
2020-04-16 19:18:55 INFO  BanknoteStorage:85 - {FIVE=1, TWO=2, TWENTY=1} dollar('s) given out
2020-04-16 19:18:55 INFO  BanknoteStorage:85 - {FIVE=1, TWO=2, TWENTY=2} dollar('s) given out
2020-04-16 19:18:55 INFO  BanknoteStorage:85 - {FIVE=1, TWO=2, TWENTY=2, FIFTY=1} dollar('s) given out
2020-04-16 19:18:55 INFO  BanknoteStorage:27 - BanknoteStorage is created
2020-04-16 19:18:55 INFO  BanknoteStorage:59 - the amount of the banknote storage is displayed
2020-04-16 19:45:32 INFO  BanknoteStorage:27 - BanknoteStorage is created
2020-04-16 19:45:32 INFO  BanknoteStorage:27 - BanknoteStorage is created
2020-04-16 19:45:32 INFO  BanknoteStorage:27 - BanknoteStorage is created
2020-04-16 19:45:32 INFO  BanknoteStorage:45 - 2 banknote's ONE dollar('s) given out
2020-04-16 19:45:32 INFO  BanknoteStorage:45 - 1 banknote's ONE dollar('s) given out
2020-04-16 19:45:32 ERROR BanknoteStorage:41 - Not enough bills in the banknote storage
2020-04-16 19:45:32 ERROR BanknoteStorage:41 - Not enough bills in the banknote storage
2020-04-16 19:45:32 INFO  BanknoteStorage:27 - BanknoteStorage is created
2020-04-16 19:45:32 ERROR BanknoteStorage:68 - Incorrect amount requested
2020-04-16 19:45:32 INFO  BanknoteStorage:27 - BanknoteStorage is created
2020-04-16 19:45:32 INFO  BanknoteStorage:53 - 2 banknote's FIFTY dollar('s)  inserted
2020-04-16 19:45:32 ERROR BanknoteStorage:54 - bill collector is empty
2020-04-16 19:45:32 INFO  BanknoteStorage:45 - 7 banknote's FIFTY dollar('s) given out
2020-04-16 19:45:32 INFO  BanknoteStorage:27 - BanknoteStorage is created
2020-04-16 19:45:32 INFO  BanknoteStorage:77 - {TWO=1} dollar('s) given out
2020-04-16 19:45:32 INFO  BanknoteStorage:77 - {TWO=2} dollar('s) given out
2020-04-16 19:45:32 INFO  BanknoteStorage:77 - {TWO=2, FIVE=1} dollar('s) given out
2020-04-16 19:45:32 INFO  BanknoteStorage:77 - {TWENTY=1, TWO=2, FIVE=1} dollar('s) given out
2020-04-16 19:45:32 INFO  BanknoteStorage:77 - {TWENTY=2, TWO=2, FIVE=1} dollar('s) given out
2020-04-16 19:45:32 INFO  BanknoteStorage:77 - {TWENTY=2, TWO=2, FIVE=1, FIFTY=1} dollar('s) given out
2020-04-16 19:45:32 INFO  BanknoteStorage:27 - BanknoteStorage is created
2020-04-16 19:45:32 INFO  BanknoteStorage:59 - the amount of the banknote storage is displayed
2020-04-16 20:24:36 INFO  BanknoteStorage:26 - BanknoteStorage is created
2020-04-16 20:25:26 INFO  BanknoteStorage:26 - BanknoteStorage is created
2020-04-16 21:19:39 INFO  BanknoteStorage:26 - BanknoteStorage is created
2020-04-16 21:19:39 INFO  BanknoteStorage:26 - BanknoteStorage is created
2020-04-16 21:19:39 INFO  BanknoteStorage:44 - 2 banknote's ONE dollar('s) given out
2020-04-16 21:19:39 INFO  BanknoteStorage:44 - 1 banknote's ONE dollar('s) given out
2020-04-16 21:19:39 ERROR BanknoteStorage:40 - Not enough bills in the banknote storage
2020-04-16 21:19:39 ERROR BanknoteStorage:40 - Not enough bills in the banknote storage
2020-04-16 21:19:39 INFO  BanknoteStorage:26 - BanknoteStorage is created
2020-04-16 21:19:39 INFO  BanknoteStorage:52 - 2 banknote's FIFTY dollar('s)  inserted
2020-04-16 21:19:39 ERROR BanknoteStorage:53 - bill collector is empty
2020-04-16 21:19:39 INFO  BanknoteStorage:44 - 7 banknote's FIFTY dollar('s) given out
2020-04-16 21:19:39 INFO  BanknoteStorage:26 - BanknoteStorage is created
2020-04-16 21:19:39 INFO  BanknoteStorage:58 - the amount of the banknote storage is displayed
2020-04-16 21:19:52 INFO  BanknoteStorage:26 - BanknoteStorage is created
2020-04-16 21:19:52 INFO  BanknoteStorage:26 - BanknoteStorage is created
2020-04-16 21:19:52 INFO  BanknoteStorage:44 - 2 banknote's ONE dollar('s) given out
2020-04-16 21:19:52 INFO  BanknoteStorage:44 - 1 banknote's ONE dollar('s) given out
2020-04-16 21:19:52 ERROR BanknoteStorage:40 - Not enough bills in the banknote storage
2020-04-16 21:19:52 ERROR BanknoteStorage:40 - Not enough bills in the banknote storage
2020-04-16 21:19:52 INFO  BanknoteStorage:26 - BanknoteStorage is created
2020-04-16 21:19:52 INFO  BanknoteStorage:52 - 2 banknote's FIFTY dollar('s)  inserted
2020-04-16 21:19:52 ERROR BanknoteStorage:53 - bill collector is empty
2020-04-16 21:19:52 INFO  BanknoteStorage:44 - 7 banknote's FIFTY dollar('s) given out
2020-04-16 21:19:52 INFO  BanknoteStorage:26 - BanknoteStorage is created
2020-04-16 21:19:52 INFO  BanknoteStorage:58 - the amount of the banknote storage is displayed
2020-04-17 15:42:02 INFO  BanknoteStorage:26 - BanknoteStorage is created
2020-04-17 15:42:02 INFO  BanknoteStorage:26 - BanknoteStorage is created
2020-04-17 15:42:02 INFO  BanknoteStorage:44 - 2 banknote's ONE dollar('s) given out
2020-04-17 15:42:02 INFO  BanknoteStorage:44 - 1 banknote's ONE dollar('s) given out
2020-04-17 15:42:02 ERROR BanknoteStorage:40 - Not enough bills in the banknote storage
2020-04-17 15:42:02 ERROR BanknoteStorage:40 - Not enough bills in the banknote storage
2020-04-17 15:42:02 INFO  BanknoteStorage:26 - BanknoteStorage is created
2020-04-17 15:42:02 INFO  BanknoteStorage:52 - 2 banknote's FIFTY dollar('s)  inserted
2020-04-17 15:42:02 ERROR BanknoteStorage:53 - bill collector is empty
2020-04-17 15:42:02 INFO  BanknoteStorage:44 - 7 banknote's FIFTY dollar('s) given out
2020-04-17 15:42:02 INFO  BanknoteStorage:26 - BanknoteStorage is created
2020-04-17 15:42:02 INFO  BanknoteStorage:58 - the amount of the banknote storage is displayed
